d:\универ\3 сем\яп кп\разработки\pas-2017\pasasm\pasasm\debug\pasasm.pch
d:\универ\3 сем\яп кп\разработки\pas-2017\pasasm\pasasm\debug\vc141.pdb
d:\универ\3 сем\яп кп\разработки\pas-2017\pasasm\pasasm\debug\vc141.idb
d:\универ\3 сем\яп кп\разработки\pas-2017\pasasm\pasasm\debug\stdafx.obj
d:\01\pas-2017\pasasm\pasasm\debug\pasasm.pch
d:\01\pas-2017\pasasm\pasasm\debug\vc141.pdb
d:\01\pas-2017\pasasm\pasasm\debug\vc141.idb
d:\01\pas-2017\pasasm\pasasm\debug\stdafx.obj
d:\pas-2017\pasasm\pasasm\debug\pasasm.pch
d:\pas-2017\pasasm\pasasm\debug\vc141.pdb
d:\pas-2017\pasasm\pasasm\debug\vc141.idb
d:\pas-2017\pasasm\pasasm\debug\stdafx.obj
d:\kp\pas-2017\pasasm\pasasm\debug\pasasm.pch
d:\kp\pas-2017\pasasm\pasasm\debug\vc141.pdb
d:\kp\pas-2017\pasasm\pasasm\debug\vc141.idb
d:\kp\pas-2017\pasasm\pasasm\debug\stdafx.obj
d:\01\pas-2017\pasasm\debug\pasasm.ilk
d:\01\pas-2017\pasasm\debug\pasasm.exe
d:\01\pas-2017\pasasm\debug\pasasm.pdb
d:\pas-2017\pasasm\debug\pasasm.exe
d:\pas-2017\pasasm\debug\pasasm.ilk
d:\pas-2017\pasasm\debug\pasasm.pdb
d:\kp\pas-2017\pasasm\debug\pasasm.exe
d:\kp\pas-2017\pasasm\debug\pasasm.ilk
d:\kp\pas-2017\pasasm\debug\pasasm.pdb
d:\универ\3 сем\яп кп\разработки\pas-2017\pasasm\pasasm\debug\pasasm.obj
d:\01\pas-2017\pasasm\pasasm\debug\pasasm.obj
d:\pas-2017\pasasm\pasasm\debug\pasasm.obj
d:\kp\pas-2017\pasasm\pasasm\debug\pasasm.obj
d:\kp\pas-2017\pasasm\pasasm\debug\pasasm.tlog\cl.command.1.tlog
d:\kp\pas-2017\pasasm\pasasm\debug\pasasm.tlog\cl.read.1.tlog
d:\kp\pas-2017\pasasm\pasasm\debug\pasasm.tlog\cl.write.1.tlog
d:\kp\pas-2017\pasasm\pasasm\debug\pasasm.tlog\link.command.1.tlog
d:\kp\pas-2017\pasasm\pasasm\debug\pasasm.tlog\link.read.1.tlog
d:\kp\pas-2017\pasasm\pasasm\debug\pasasm.tlog\link.write.1.tlog
d:\kp\pas-2017\pasasm\pasasm\debug\pasasm.tlog\pasasm.write.1u.tlog
