d:\универ\3 сем\яп кп\разработки\pas-2017\pas\library\debug\library.pch
d:\универ\3 сем\яп кп\разработки\pas-2017\pas\library\debug\vc141.pdb
d:\универ\3 сем\яп кп\разработки\pas-2017\pas\library\debug\vc141.idb
d:\универ\3 сем\яп кп\разработки\pas-2017\pas\library\debug\stdafx.obj
d:\универ\3 сем\яп кп\разработки\pas-2017\pas\library\debug\error.obj
d:\универ\3 сем\яп кп\разработки\pas-2017\pas\library\debug\in.obj
d:\универ\3 сем\яп кп\разработки\pas-2017\pas\library\debug\it.obj
d:\универ\3 сем\яп кп\разработки\pas-2017\pas\library\debug\parm.obj
d:\универ\3 сем\яп кп\разработки\pas-2017\pas\library\debug\log.obj
d:\универ\3 сем\яп кп\разработки\pas-2017\pas\library\debug\lt.obj
d:\универ\3 сем\яп кп\разработки\pas-2017\pas\debug\library.pdb
d:\универ\3 сем\яп кп\разработки\pas-2017\pas\library\debug\library.tlog\cl.command.1.tlog
d:\универ\3 сем\яп кп\разработки\pas-2017\pas\library\debug\library.tlog\cl.read.1.tlog
d:\универ\3 сем\яп кп\разработки\pas-2017\pas\library\debug\library.tlog\cl.write.1.tlog
d:\универ\3 сем\яп кп\разработки\pas-2017\pas\library\debug\library.tlog\link-cvtres.read.1.tlog
d:\универ\3 сем\яп кп\разработки\pas-2017\pas\library\debug\library.tlog\link-cvtres.write.1.tlog
d:\универ\3 сем\яп кп\разработки\pas-2017\pas\library\debug\library.tlog\link-rc.read.1.tlog
d:\универ\3 сем\яп кп\разработки\pas-2017\pas\library\debug\library.tlog\link-rc.write.1.tlog
d:\универ\3 сем\яп кп\разработки\pas-2017\pas\library\debug\library.tlog\link.command.1.tlog
d:\универ\3 сем\яп кп\разработки\pas-2017\pas\library\debug\library.tlog\link.read.1.tlog
d:\универ\3 сем\яп кп\разработки\pas-2017\pas\library\debug\library.tlog\link.write.1.tlog
