d:\универ\3 сем\яп кп\разработки\pas-2017\pas\pas\debug\pas.pch
d:\универ\3 сем\яп кп\разработки\pas-2017\pas\pas\debug\vc141.pdb
d:\универ\3 сем\яп кп\разработки\pas-2017\pas\pas\debug\vc141.idb
d:\универ\3 сем\яп кп\разработки\pas-2017\pas\pas\debug\stdafx.obj
d:\универ\3 сем\яп кп\разработки\pas-2017\pas\pas\debug\codegeneration.obj
d:\универ\3 сем\яп кп\разработки\pas-2017\pas\pas\debug\fst.obj
d:\универ\3 сем\яп кп\разработки\pas-2017\pas\pas\debug\grb.obj
d:\универ\3 сем\яп кп\разработки\pas-2017\pas\pas\debug\lexicalanalize.obj
d:\универ\3 сем\яп кп\разработки\pas-2017\pas\pas\debug\mfst.obj
d:\универ\3 сем\яп кп\разработки\pas-2017\pas\pas\debug\pas.obj
d:\универ\3 сем\яп кп\разработки\pas-2017\pas\pas\debug\polishnotation.obj
d:\универ\3 сем\яп кп\разработки\pas-2017\pas\pas\debug\sema.obj
d:\универ\3 сем\яп кп\разработки\pas-2017\pas\debug\pas.exe
d:\универ\3 сем\яп кп\разработки\pas-2017\pas\debug\pas.ilk
d:\универ\3 сем\яп кп\разработки\pas-2017\pas\debug\pas.pdb
d:\универ\3 сем\яп кп\разработки\pas-2017\pas\pas\debug\pas.tlog\cl.command.1.tlog
d:\универ\3 сем\яп кп\разработки\pas-2017\pas\pas\debug\pas.tlog\cl.read.1.tlog
d:\универ\3 сем\яп кп\разработки\pas-2017\pas\pas\debug\pas.tlog\cl.write.1.tlog
d:\универ\3 сем\яп кп\разработки\pas-2017\pas\pas\debug\pas.tlog\link.command.1.tlog
d:\универ\3 сем\яп кп\разработки\pas-2017\pas\pas\debug\pas.tlog\link.read.1.tlog
d:\универ\3 сем\яп кп\разработки\pas-2017\pas\pas\debug\pas.tlog\link.write.1.tlog
